<?xml version="1.0" encoding="UTF-8"?>
<coverage generated="1572121286">
  <project timestamp="1572121286">
    <file name="C:\xampp\htdocs\personal-projects\array-config-writer/class-array-config-writer.php">
      <class name="Array_Config_Writer" namespace="global" fullPackage="Array.Config">
        <metrics complexity="39" methods="13" coveredmethods="1" conditionals="0" coveredconditionals="0" statements="88" coveredstatements="14" elements="101" coveredelements="15"/>
      </class>
      <line num="109" type="method" name="__construct" visibility="public" complexity="3" crap="3.33" count="1"/>
      <line num="111" type="stmt" count="1"/>
      <line num="112" type="stmt" count="1"/>
      <line num="113" type="stmt" count="1"/>
      <line num="114" type="stmt" count="1"/>
      <line num="116" type="stmt" count="1"/>
      <line num="119" type="stmt" count="0"/>
      <line num="121" type="stmt" count="0"/>
      <line num="123" type="stmt" count="1"/>
      <line num="125" type="stmt" count="0"/>
      <line num="126" type="stmt" count="0"/>
      <line num="129" type="stmt" count="1"/>
      <line num="131" type="stmt" count="1"/>
      <line num="155" type="method" name="write" visibility="public" complexity="19" crap="380" count="0"/>
      <line num="158" type="stmt" count="0"/>
      <line num="160" type="stmt" count="0"/>
      <line num="163" type="stmt" count="0"/>
      <line num="165" type="stmt" count="0"/>
      <line num="167" type="stmt" count="0"/>
      <line num="168" type="stmt" count="0"/>
      <line num="170" type="stmt" count="0"/>
      <line num="172" type="stmt" count="0"/>
      <line num="174" type="stmt" count="0"/>
      <line num="176" type="stmt" count="0"/>
      <line num="177" type="stmt" count="0"/>
      <line num="179" type="stmt" count="0"/>
      <line num="181" type="stmt" count="0"/>
      <line num="183" type="stmt" count="0"/>
      <line num="185" type="stmt" count="0"/>
      <line num="186" type="stmt" count="0"/>
      <line num="187" type="stmt" count="0"/>
      <line num="188" type="stmt" count="0"/>
      <line num="189" type="stmt" count="0"/>
      <line num="194" type="stmt" count="0"/>
      <line num="198" type="stmt" count="0"/>
      <line num="199" type="stmt" count="0"/>
      <line num="201" type="stmt" count="0"/>
      <line num="205" type="stmt" count="0"/>
      <line num="207" type="stmt" count="0"/>
      <line num="210" type="stmt" count="0"/>
      <line num="217" type="stmt" count="0"/>
      <line num="218" type="stmt" count="0"/>
      <line num="219" type="stmt" count="0"/>
      <line num="220" type="stmt" count="0"/>
      <line num="223" type="stmt" count="0"/>
      <line num="224" type="stmt" count="0"/>
      <line num="225" type="stmt" count="0"/>
      <line num="228" type="stmt" count="0"/>
      <line num="231" type="stmt" count="0"/>
      <line num="232" type="stmt" count="0"/>
      <line num="233" type="stmt" count="0"/>
      <line num="235" type="stmt" count="0"/>
      <line num="238" type="stmt" count="0"/>
      <line num="243" type="stmt" count="0"/>
      <line num="245" type="stmt" count="0"/>
      <line num="254" type="stmt" count="0"/>
      <line num="257" type="stmt" count="0"/>
      <line num="261" type="stmt" count="0"/>
      <line num="263" type="stmt" count="0"/>
      <line num="264" type="stmt" count="0"/>
      <line num="265" type="stmt" count="0"/>
      <line num="267" type="stmt" count="0"/>
      <line num="270" type="stmt" count="0"/>
      <line num="283" type="method" name="setFilename" visibility="public" complexity="1" crap="2" count="0"/>
      <line num="285" type="stmt" count="0"/>
      <line num="297" type="method" name="setDestinationFile" visibility="public" complexity="2" crap="6" count="0"/>
      <line num="299" type="stmt" count="0"/>
      <line num="301" type="stmt" count="0"/>
      <line num="305" type="stmt" count="0"/>
      <line num="308" type="stmt" count="0"/>
      <line num="315" type="method" name="getDestinationName" visibility="public" complexity="1" crap="2" count="0"/>
      <line num="317" type="stmt" count="0"/>
      <line num="330" type="method" name="setVariableName" visibility="public" complexity="4" crap="5.40" count="1"/>
      <line num="333" type="stmt" count="1"/>
      <line num="335" type="stmt" count="0"/>
      <line num="336" type="stmt" count="0"/>
      <line num="339" type="stmt" count="1"/>
      <line num="341" type="stmt" count="0"/>
      <line num="343" type="stmt" count="1"/>
      <line num="345" type="stmt" count="0"/>
      <line num="348" type="stmt" count="1"/>
      <line num="350" type="stmt" count="1"/>
      <line num="357" type="method" name="getVariableName" visibility="public" complexity="1" crap="2" count="0"/>
      <line num="359" type="stmt" count="0"/>
      <line num="368" type="method" name="__destruct" visibility="public" complexity="2" crap="6" count="0"/>
      <line num="370" type="stmt" count="0"/>
      <line num="372" type="stmt" count="0"/>
      <line num="374" type="stmt" count="0"/>
      <line num="384" type="method" name="save" visibility="public" complexity="2" crap="6" count="0"/>
      <line num="386" type="stmt" count="0"/>
      <line num="388" type="stmt" count="0"/>
      <line num="390" type="stmt" count="0"/>
      <line num="398" type="method" name="hasError" visibility="public" complexity="1" crap="2" count="0"/>
      <line num="400" type="stmt" count="0"/>
      <line num="407" type="method" name="getLastError" visibility="public" complexity="1" crap="1" count="2"/>
      <line num="409" type="stmt" count="2"/>
      <line num="418" type="method" name="setAutoSave" visibility="public" complexity="1" crap="2" count="0"/>
      <line num="420" type="stmt" count="0"/>
      <line num="421" type="stmt" count="0"/>
      <line num="428" type="method" name="getAutoSave" visibility="public" complexity="1" crap="2" count="0"/>
      <line num="430" type="stmt" count="0"/>
      <metrics loc="432" ncloc="212" classes="1" methods="13" coveredmethods="1" conditionals="0" coveredconditionals="0" statements="88" coveredstatements="14" elements="101" coveredelements="15"/>
    </file>
    <metrics files="1" loc="432" ncloc="212" classes="1" methods="13" coveredmethods="1" conditionals="0" coveredconditionals="0" statements="88" coveredstatements="14" elements="101" coveredelements="15"/>
  </project>
</coverage>
