<?xml version="1.0" encoding="UTF-8"?>
<coverage generated="1572113870">
  <project timestamp="1572113870">
    <file name="C:\xampp\htdocs\personal-projects\array-config-writer/class-array-config-writer.php">
      <class name="Array_Config_Writer" namespace="global" fullPackage="Array.Config">
        <metrics complexity="34" methods="9" coveredmethods="1" conditionals="0" coveredconditionals="0" statements="81" coveredstatements="13" elements="90" coveredelements="14"/>
      </class>
      <line num="100" type="method" name="__construct" visibility="public" complexity="3" crap="3.43" count="1"/>
      <line num="102" type="stmt" count="1"/>
      <line num="103" type="stmt" count="1"/>
      <line num="104" type="stmt" count="1"/>
      <line num="106" type="stmt" count="1"/>
      <line num="109" type="stmt" count="0"/>
      <line num="111" type="stmt" count="0"/>
      <line num="113" type="stmt" count="1"/>
      <line num="115" type="stmt" count="0"/>
      <line num="116" type="stmt" count="0"/>
      <line num="119" type="stmt" count="1"/>
      <line num="121" type="stmt" count="1"/>
      <line num="145" type="method" name="write" visibility="public" complexity="19" crap="380" count="0"/>
      <line num="148" type="stmt" count="0"/>
      <line num="150" type="stmt" count="0"/>
      <line num="153" type="stmt" count="0"/>
      <line num="155" type="stmt" count="0"/>
      <line num="157" type="stmt" count="0"/>
      <line num="158" type="stmt" count="0"/>
      <line num="160" type="stmt" count="0"/>
      <line num="162" type="stmt" count="0"/>
      <line num="164" type="stmt" count="0"/>
      <line num="166" type="stmt" count="0"/>
      <line num="167" type="stmt" count="0"/>
      <line num="169" type="stmt" count="0"/>
      <line num="171" type="stmt" count="0"/>
      <line num="173" type="stmt" count="0"/>
      <line num="175" type="stmt" count="0"/>
      <line num="176" type="stmt" count="0"/>
      <line num="177" type="stmt" count="0"/>
      <line num="178" type="stmt" count="0"/>
      <line num="179" type="stmt" count="0"/>
      <line num="184" type="stmt" count="0"/>
      <line num="188" type="stmt" count="0"/>
      <line num="189" type="stmt" count="0"/>
      <line num="191" type="stmt" count="0"/>
      <line num="195" type="stmt" count="0"/>
      <line num="197" type="stmt" count="0"/>
      <line num="200" type="stmt" count="0"/>
      <line num="207" type="stmt" count="0"/>
      <line num="208" type="stmt" count="0"/>
      <line num="209" type="stmt" count="0"/>
      <line num="210" type="stmt" count="0"/>
      <line num="213" type="stmt" count="0"/>
      <line num="214" type="stmt" count="0"/>
      <line num="215" type="stmt" count="0"/>
      <line num="218" type="stmt" count="0"/>
      <line num="221" type="stmt" count="0"/>
      <line num="222" type="stmt" count="0"/>
      <line num="223" type="stmt" count="0"/>
      <line num="225" type="stmt" count="0"/>
      <line num="228" type="stmt" count="0"/>
      <line num="233" type="stmt" count="0"/>
      <line num="235" type="stmt" count="0"/>
      <line num="244" type="stmt" count="0"/>
      <line num="247" type="stmt" count="0"/>
      <line num="251" type="stmt" count="0"/>
      <line num="253" type="stmt" count="0"/>
      <line num="254" type="stmt" count="0"/>
      <line num="255" type="stmt" count="0"/>
      <line num="257" type="stmt" count="0"/>
      <line num="260" type="stmt" count="0"/>
      <line num="272" type="method" name="setFilename" visibility="public" complexity="1" crap="2" count="0"/>
      <line num="274" type="stmt" count="0"/>
      <line num="275" type="stmt" count="0"/>
      <line num="286" type="method" name="setVariableName" visibility="public" complexity="4" crap="5.40" count="1"/>
      <line num="289" type="stmt" count="1"/>
      <line num="291" type="stmt" count="0"/>
      <line num="292" type="stmt" count="0"/>
      <line num="295" type="stmt" count="1"/>
      <line num="297" type="stmt" count="0"/>
      <line num="299" type="stmt" count="1"/>
      <line num="301" type="stmt" count="0"/>
      <line num="304" type="stmt" count="1"/>
      <line num="306" type="stmt" count="1"/>
      <line num="315" type="method" name="__destruct" visibility="public" complexity="2" crap="6" count="0"/>
      <line num="317" type="stmt" count="0"/>
      <line num="319" type="stmt" count="0"/>
      <line num="321" type="stmt" count="0"/>
      <line num="331" type="method" name="save" visibility="public" complexity="2" crap="6" count="0"/>
      <line num="333" type="stmt" count="0"/>
      <line num="335" type="stmt" count="0"/>
      <line num="337" type="stmt" count="0"/>
      <line num="345" type="method" name="hasError" visibility="public" complexity="1" crap="2" count="0"/>
      <line num="347" type="stmt" count="0"/>
      <line num="354" type="method" name="getLastError" visibility="public" complexity="1" crap="1" count="2"/>
      <line num="356" type="stmt" count="2"/>
      <line num="365" type="method" name="setAutoSave" visibility="public" complexity="1" crap="2" count="0"/>
      <line num="367" type="stmt" count="0"/>
      <line num="368" type="stmt" count="0"/>
      <metrics loc="369" ncloc="177" classes="1" methods="9" coveredmethods="1" conditionals="0" coveredconditionals="0" statements="81" coveredstatements="13" elements="90" coveredelements="14"/>
    </file>
    <metrics files="1" loc="369" ncloc="177" classes="1" methods="9" coveredmethods="1" conditionals="0" coveredconditionals="0" statements="81" coveredstatements="13" elements="90" coveredelements="14"/>
  </project>
</coverage>
